Arguments: 
  C:\Program Files\nodejs\node.exe C:\Program Files (x86)\Yarn\bin\yarn.js init

PATH: 
  C:\Program Files (x86)\Razer\ChromaBroadcast\bin;C:\Program Files\Razer\ChromaBroadcast\bin;C:\Python27\;C:\Python27\Scripts;C:\Program Files (x86)\Common Files\Oracle\Java\javapath;C:\Program Files (x86)\Razer Chroma SDK\bin;C:\Program Files\Razer Chroma SDK\bin;C:\Windows\system32;C:\Windows;C:\Windows\System32\Wbem;C:\Windows\System32\WindowsPowerShell\v1.0\;C:\Windows\System32\OpenSSH\;C:\Program Files\NVIDIA Corporation\NVIDIA NvDLISR;C:\Program Files (x86)\NVIDIA Corporation\PhysX\Common;C:\Users\zfata\AppData\Local\Microsoft\WindowsApps;C:\Program Files\WorldPainter;C:\Program Files\PuTTY\;C:\ProgramData\chocolatey\bin;C:\Program Files (x86)\Yarn\bin\;C:\Android\SDK\emulator;C:\Android\SDK\tools;C:\Android\SDK\tools\bin;C:\Android\SDK\platform-tools;C:\Users\zfata\AppData\Local\Programs\Microsoft VS Code\bin;C:\Users\zfata\AppData\Roaming\npm;C:\Users\zfata\AppData\Local\Yarn\bin;C:\Program Files\Git\cmd;C:\xampp\php;;C:\Program Files\Docker\Docker\resources\bin;C:\ProgramData\DockerDesktop\version-bin;C:\Program Files\nodejs\;C:\Users\zfata\AppData\Local\Microsoft\WindowsApps;C:\Users\zfata\AppData\Local\Programs\Microsoft VS Code\bin;C:\Users\zfata\AppData\Local\Yarn\bin;C:\Users\zfata\AppData\Local\GitHubDesktop\bin;C:\Users\zfata\AppData\Roaming\Composer\vendor\bin;C:\Users\zfata\AppData\Roaming\npm

Yarn version: 
  1.22.4

Node version: 
  14.15.1

Platform: 
  win32 x64

Trace: 
  Error: canceled
      at Interface.<anonymous> (C:\Program Files (x86)\Yarn\lib\cli.js:137008:13)
      at Interface.emit (events.js:315:20)
      at Interface._ttyWrite (readline.js:875:16)
      at ReadStream.onkeypress (readline.js:213:10)
      at ReadStream.emit (events.js:315:20)
      at emitKeys (internal/readline/utils.js:345:14)
      at emitKeys.next (<anonymous>)
      at ReadStream.onData (readline.js:1144:36)
      at ReadStream.emit (events.js:315:20)
      at addChunk (_stream_readable.js:309:12)

npm manifest: 
  No manifest

yarn manifest: 
  No manifest

Lockfile: 
  No lockfile
